C:\RAFAEL\V3DX11\VG_DX11_RR_E3\DEBUG\V1DX11RR.EXE
C:\RAFAEL\V3DX11\VG_DX11_RR_E3\DEBUG\V1DX11RR.ILK
C:\RAFAEL\V3DX11\VG_DX11_RR_E3\DEBUG\V1DX11RR.PDB
C:\Rafael\V3DX11\VG_DX11_RR_E3\v1dx11rr\Debug\cl.command.1.tlog
C:\Rafael\V3DX11\VG_DX11_RR_E3\v1dx11rr\Debug\CL.read.1.tlog
C:\Rafael\V3DX11\VG_DX11_RR_E3\v1dx11rr\Debug\CL.write.1.tlog
C:\Rafael\V3DX11\VG_DX11_RR_E3\v1dx11rr\Debug\link.2792.read.1.tlog
C:\Rafael\V3DX11\VG_DX11_RR_E3\v1dx11rr\Debug\link.2792.write.1.tlog
C:\Rafael\V3DX11\VG_DX11_RR_E3\v1dx11rr\Debug\link.2792-cvtres.read.1.tlog
C:\Rafael\V3DX11\VG_DX11_RR_E3\v1dx11rr\Debug\link.2792-cvtres.write.1.tlog
C:\Rafael\V3DX11\VG_DX11_RR_E3\v1dx11rr\Debug\link.6468.read.1.tlog
C:\Rafael\V3DX11\VG_DX11_RR_E3\v1dx11rr\Debug\link.6468.write.1.tlog
C:\Rafael\V3DX11\VG_DX11_RR_E3\v1dx11rr\Debug\link.6468-cvtres.read.1.tlog
C:\Rafael\V3DX11\VG_DX11_RR_E3\v1dx11rr\Debug\link.6468-cvtres.write.1.tlog
C:\Rafael\V3DX11\VG_DX11_RR_E3\v1dx11rr\Debug\link.7748.read.1.tlog
C:\Rafael\V3DX11\VG_DX11_RR_E3\v1dx11rr\Debug\link.7748.write.1.tlog
C:\Rafael\V3DX11\VG_DX11_RR_E3\v1dx11rr\Debug\link.7748-cvtres.read.1.tlog
C:\Rafael\V3DX11\VG_DX11_RR_E3\v1dx11rr\Debug\link.7748-cvtres.write.1.tlog
C:\Rafael\V3DX11\VG_DX11_RR_E3\v1dx11rr\Debug\link.command.1.tlog
C:\Rafael\V3DX11\VG_DX11_RR_E3\v1dx11rr\Debug\link.read.1.tlog
C:\Rafael\V3DX11\VG_DX11_RR_E3\v1dx11rr\Debug\link.write.1.tlog
C:\Rafael\V3DX11\VG_DX11_RR_E3\v1dx11rr\Debug\link-cvtres.read.1.tlog
C:\Rafael\V3DX11\VG_DX11_RR_E3\v1dx11rr\Debug\link-cvtres.write.1.tlog
C:\Rafael\V3DX11\VG_DX11_RR_E3\v1dx11rr\Debug\mt.command.1.tlog
C:\Rafael\V3DX11\VG_DX11_RR_E3\v1dx11rr\Debug\mt.read.1.tlog
C:\Rafael\V3DX11\VG_DX11_RR_E3\v1dx11rr\Debug\mt.write.1.tlog
C:\Rafael\V3DX11\VG_DX11_RR_E3\v1dx11rr\Debug\rc.command.1.tlog
C:\Rafael\V3DX11\VG_DX11_RR_E3\v1dx11rr\Debug\rc.read.1.tlog
C:\Rafael\V3DX11\VG_DX11_RR_E3\v1dx11rr\Debug\rc.write.1.tlog
C:\RAFAEL\V3DX11\VG_DX11_RR_E3\V1DX11RR\DEBUG\TERRENO.OBJ
C:\Rafael\V3DX11\VG_DX11_RR_E3\v1dx11rr\Debug\v1dx11rr.exe.embed.manifest
C:\RAFAEL\V3DX11\VG_DX11_RR_E3\V1DX11RR\DEBUG\V1DX11RR.EXE.EMBED.MANIFEST.RES
C:\RAFAEL\V3DX11\VG_DX11_RR_E3\V1DX11RR\DEBUG\V1DX11RR.EXE.INTERMEDIATE.MANIFEST
C:\Rafael\V3DX11\VG_DX11_RR_E3\v1dx11rr\Debug\v1dx11rr_manifest.rc
C:\Rafael\V3DX11\VG_DX11_RR_E3\v1dx11rr\Debug\vc100.idb
C:\RAFAEL\V3DX11\VG_DX11_RR_E3\V1DX11RR\DEBUG\VC100.PDB
C:\VIDEOJUEGOS\VG_DX11_RR_E3\DEBUG\V1DX11RR.EXE
C:\VIDEOJUEGOS\VG_DX11_RR_E3\DEBUG\V1DX11RR.ILK
C:\VIDEOJUEGOS\VG_DX11_RR_E3\DEBUG\V1DX11RR.PDB
C:\VIDEOJUEGOS\VG_DX11_RR_E3\V1DX11RR\DEBUG\TERRENO.OBJ
C:\VIDEOJUEGOS\VG_DX11_RR_E3\V1DX11RR\DEBUG\V1DX11RR.EXE.EMBED.MANIFEST
C:\VIDEOJUEGOS\VG_DX11_RR_E3\V1DX11RR\DEBUG\V1DX11RR.EXE.EMBED.MANIFEST.RES
C:\VIDEOJUEGOS\VG_DX11_RR_E3\V1DX11RR\DEBUG\V1DX11RR.EXE.INTERMEDIATE.MANIFEST
C:\VIDEOJUEGOS\VG_DX11_RR_E3\V1DX11RR\DEBUG\VC100.PDB
