c:\users\52811\downloads\terrenoskybillmodgc2\terrenoskybillmodgc2\v1dx11rr\x64\debug\vc142.pdb
c:\users\52811\downloads\terrenoskybillmodgc2\terrenoskybillmodgc2\v1dx11rr\x64\debug\vc142.idb
c:\users\52811\downloads\terrenoskybillmodgc2\terrenoskybillmodgc2\v1dx11rr\x64\debug\terrenoskybill.obj
c:\users\52811\downloads\terrenoskybillmodgc2\terrenoskybillmodgc2\v1dx11rr\x64\debug\loadmodel.obj
c:\users\52811\downloads\terrenoskybillmodgc2\terrenoskybillmodgc2\x64\debug\billboard.cso
c:\users\52811\downloads\terrenoskybillmodgc2\terrenoskybillmodgc2\x64\debug\modelo.cso
c:\users\52811\downloads\terrenoskybillmodgc2\terrenoskybillmodgc2\x64\debug\terrenoskybill.exe
c:\users\52811\downloads\terrenoskybillmodgc2\terrenoskybillmodgc2\x64\debug\terrenoskybill.ilk
c:\users\52811\downloads\terrenoskybillmodgc2\terrenoskybillmodgc2\x64\debug\terrenoskybill.pdb
c:\users\52811\downloads\terrenoskybillmodgc2\terrenoskybillmodgc2\v1dx11rr\x64\debug\terreno.obj
c:\users\52811\downloads\terrenoskybillmodgc2\terrenoskybillmodgc2\v1dx11rr\x64\debug\vc141.idb
c:\users\52811\downloads\terrenoskybillmodgc2\terrenoskybillmodgc2\v1dx11rr\x64\debug\vc141.pdb
c:\users\52811\downloads\terrenoskybillmodgc2\terrenoskybillmodgc2\v1dx11rr\x64\debug\terrenoskybill.tlog\cl.command.1.tlog
c:\users\52811\downloads\terrenoskybillmodgc2\terrenoskybillmodgc2\v1dx11rr\x64\debug\terrenoskybill.tlog\cl.read.1.tlog
c:\users\52811\downloads\terrenoskybillmodgc2\terrenoskybillmodgc2\v1dx11rr\x64\debug\terrenoskybill.tlog\cl.write.1.tlog
c:\users\52811\downloads\terrenoskybillmodgc2\terrenoskybillmodgc2\v1dx11rr\x64\debug\terrenoskybill.tlog\fxc.command.1.tlog
c:\users\52811\downloads\terrenoskybillmodgc2\terrenoskybillmodgc2\v1dx11rr\x64\debug\terrenoskybill.tlog\fxc.read.1.tlog
c:\users\52811\downloads\terrenoskybillmodgc2\terrenoskybillmodgc2\v1dx11rr\x64\debug\terrenoskybill.tlog\fxc.write.1.tlog
c:\users\52811\downloads\terrenoskybillmodgc2\terrenoskybillmodgc2\v1dx11rr\x64\debug\terrenoskybill.tlog\link.command.1.tlog
c:\users\52811\downloads\terrenoskybillmodgc2\terrenoskybillmodgc2\v1dx11rr\x64\debug\terrenoskybill.tlog\link.read.1.tlog
c:\users\52811\downloads\terrenoskybillmodgc2\terrenoskybillmodgc2\v1dx11rr\x64\debug\terrenoskybill.tlog\link.write.1.tlog
